<?xml version="1.0" encoding="UTF-8"?>
<testng-results ignored="0" total="6" passed="6" failed="0" skipped="0">
  <reporter-output>
  </reporter-output>
  <suite started-at="2024-05-28T20:00:10 IST" name="Suite" finished-at="2024-05-28T20:01:29 IST" duration-ms="78720">
    <groups>
    </groups>
    <test started-at="2024-05-28T20:00:10 IST" name="Test" finished-at="2024-05-28T20:01:29 IST" duration-ms="78720">
      <class name="new_prr.my_rrr.First_pro">
        <test-method signature="ultimateqa1()[pri:1, instance:new_prr.my_rrr.First_pro@76b1e9b8]" started-at="2024-05-28T20:00:10 IST" name="ultimateqa1" finished-at="2024-05-28T20:00:43 IST" duration-ms="32397" status="PASS">
          <reporter-output>
          </reporter-output>
        </test-method> <!-- ultimateqa1 -->
        <test-method signature="ultimateqa2()[pri:2, instance:new_prr.my_rrr.First_pro@76b1e9b8]" started-at="2024-05-28T20:00:43 IST" name="ultimateqa2" finished-at="2024-05-28T20:01:02 IST" duration-ms="19563" status="PASS">
          <reporter-output>
          </reporter-output>
        </test-method> <!-- ultimateqa2 -->
        <test-method signature="ultimateqa3()[pri:3, instance:new_prr.my_rrr.First_pro@76b1e9b8]" started-at="2024-05-28T20:01:02 IST" name="ultimateqa3" finished-at="2024-05-28T20:01:07 IST" duration-ms="4375" status="PASS">
          <reporter-output>
          </reporter-output>
        </test-method> <!-- ultimateqa3 -->
        <test-method signature="ultimateqa4()[pri:4, instance:new_prr.my_rrr.First_pro@76b1e9b8]" started-at="2024-05-28T20:01:07 IST" name="ultimateqa4" finished-at="2024-05-28T20:01:11 IST" duration-ms="4776" status="PASS">
          <reporter-output>
          </reporter-output>
        </test-method> <!-- ultimateqa4 -->
        <test-method signature="ultimateqa5()[pri:5, instance:new_prr.my_rrr.First_pro@76b1e9b8]" started-at="2024-05-28T20:01:12 IST" name="ultimateqa5" finished-at="2024-05-28T20:01:12 IST" duration-ms="412" status="PASS">
          <reporter-output>
          </reporter-output>
        </test-method> <!-- ultimateqa5 -->
        <test-method signature="ultimateqa6()[pri:6, instance:new_prr.my_rrr.First_pro@76b1e9b8]" started-at="2024-05-28T20:01:12 IST" name="ultimateqa6" finished-at="2024-05-28T20:01:29 IST" duration-ms="17038" status="PASS">
          <reporter-output>
          </reporter-output>
        </test-method> <!-- ultimateqa6 -->
      </class> <!-- new_prr.my_rrr.First_pro -->
    </test> <!-- Test -->
  </suite> <!-- Suite -->
</testng-results>
