<?xml version="1.0" encoding="UTF-8"?>
<testng-results ignored="0" total="6" passed="6" failed="0" skipped="0">
  <reporter-output>
  </reporter-output>
  <suite started-at="2024-05-28T13:26:15 IST" name="Default suite" finished-at="2024-05-28T13:27:47 IST" duration-ms="92619">
    <groups>
    </groups>
    <test started-at="2024-05-28T13:26:15 IST" name="Default test" finished-at="2024-05-28T13:27:47 IST" duration-ms="92619">
      <class name="new_prr.my_rrr.First_pro">
        <test-method signature="ultimateqa1()[pri:1, instance:new_prr.my_rrr.First_pro@247bddad]" started-at="2024-05-28T13:26:15 IST" name="ultimateqa1" finished-at="2024-05-28T13:26:46 IST" duration-ms="31309" status="PASS">
          <reporter-output>
          </reporter-output>
        </test-method> <!-- ultimateqa1 -->
        <test-method signature="ultimateqa2()[pri:2, instance:new_prr.my_rrr.First_pro@247bddad]" started-at="2024-05-28T13:26:46 IST" name="ultimateqa2" finished-at="2024-05-28T13:27:15 IST" duration-ms="29006" status="PASS">
          <reporter-output>
          </reporter-output>
        </test-method> <!-- ultimateqa2 -->
        <test-method signature="ultimateqa3()[pri:3, instance:new_prr.my_rrr.First_pro@247bddad]" started-at="2024-05-28T13:27:15 IST" name="ultimateqa3" finished-at="2024-05-28T13:27:18 IST" duration-ms="2679" status="PASS">
          <reporter-output>
          </reporter-output>
        </test-method> <!-- ultimateqa3 -->
        <test-method signature="ultimateqa4()[pri:4, instance:new_prr.my_rrr.First_pro@247bddad]" started-at="2024-05-28T13:27:18 IST" name="ultimateqa4" finished-at="2024-05-28T13:27:22 IST" duration-ms="4130" status="PASS">
          <reporter-output>
          </reporter-output>
        </test-method> <!-- ultimateqa4 -->
        <test-method signature="ultimateqa5()[pri:5, instance:new_prr.my_rrr.First_pro@247bddad]" started-at="2024-05-28T13:27:22 IST" name="ultimateqa5" finished-at="2024-05-28T13:27:22 IST" duration-ms="317" status="PASS">
          <reporter-output>
          </reporter-output>
        </test-method> <!-- ultimateqa5 -->
        <test-method signature="ultimateqa6()[pri:6, instance:new_prr.my_rrr.First_pro@247bddad]" started-at="2024-05-28T13:27:22 IST" name="ultimateqa6" finished-at="2024-05-28T13:27:47 IST" duration-ms="24974" status="PASS">
          <reporter-output>
          </reporter-output>
        </test-method> <!-- ultimateqa6 -->
      </class> <!-- new_prr.my_rrr.First_pro -->
    </test> <!-- Default test -->
  </suite> <!-- Default suite -->
</testng-results>
